Application     C:\Users\colli\Desktop\USAID\02.16 CSPro data entry program for Android-20190112T060848Z-001\02.16 CSPro data entry program for Android\PEEL\PEEL.ent
Type            ENTRY
Input Data      <<Text File>> C:\Users\colli\Desktop\USAID\02.16 CSPro data entry program for Android-20190112T060848Z-001\02.16 CSPro data entry program for Android\DATA\RAWD\A001030011.dat
External        OTHERS=<<Text File>> C:\Users\colli\Desktop\USAID\02.16 CSPro data entry program for Android-20190112T060848Z-001\02.16 CSPro data entry program for Android\DATA\RAWD\O001030011.dat
External        HH_GPS=<<Text File>> C:\Users\colli\Desktop\USAID\02.16 CSPro data entry program for Android-20190112T060848Z-001\02.16 CSPro data entry program for Android\DATA\RAWD\G001030011.dat
External        CLUSTERS=<<Text File>> C:\Users\colli\Desktop\USAID\02.16 CSPro data entry program for Android-20190112T060848Z-001\02.16 CSPro data entry program for Android\LOOKUP\clusters.dat
External        CTRL_HH=<<Text File>> C:\Users\colli\Desktop\USAID\02.16 CSPro data entry program for Android-20190112T060848Z-001\02.16 CSPro data entry program for Android\DATA\CONTROL\CT001030.dat

Date            Jan 16, 2019
Start Time      10:20:00
End Time        10:32:51

CSPRO Process Summary

System messages:

 Number    Frequency   Message text
 ------    ---------   ------------
  48000            8   Invalid expression (%s) in CAPI text             

User numbered messages:

 Number    Freq  Pct.  Message text                                        Denom
 ------    ----  ----  ------------                                        -----
      5       1    -   W GPS is not active. Enable GPS and try again           -
  89991      14    -   E The first character of a name must be a letter        -

User unnumbered messages:

   Line    Freq  Pct.  Message text                                        Denom
   ----    ----  ----  ------------                                        -----
    111       3    -   Second language                                         -

CSPRO Executor Normal End
--------------------------------------------------------------------------------
Application     C:\Users\colli\Desktop\USAID\02.16 CSPro data entry program for Android-20190112T060848Z-001\02.16 CSPro data entry program for Android\PEEL\PEEL.ent
Type            ENTRY
Input Data      <<Text File>> C:\Users\colli\Desktop\USAID\02.16 CSPro data entry program for Android-20190112T060848Z-001\02.16 CSPro data entry program for Android\DATA\RAWD\A001030011.dat
External        OTHERS=<<Text File>> C:\Users\colli\Desktop\USAID\02.16 CSPro data entry program for Android-20190112T060848Z-001\02.16 CSPro data entry program for Android\DATA\RAWD\O001030011.dat
External        HH_GPS=<<Text File>> C:\Users\colli\Desktop\USAID\02.16 CSPro data entry program for Android-20190112T060848Z-001\02.16 CSPro data entry program for Android\DATA\RAWD\G001030011.dat
External        CLUSTERS=<<Text File>> C:\Users\colli\Desktop\USAID\02.16 CSPro data entry program for Android-20190112T060848Z-001\02.16 CSPro data entry program for Android\LOOKUP\clusters.dat
External        CTRL_HH=<<Text File>> C:\Users\colli\Desktop\USAID\02.16 CSPro data entry program for Android-20190112T060848Z-001\02.16 CSPro data entry program for Android\DATA\CONTROL\CT001030.dat

Date            Jan 16, 2019
Start Time      12:25:50
End Time        12:40:54

CSPRO Process Summary

System messages:

 Number    Frequency   Message text
 ------    ---------   ------------
  48000            8   Invalid expression (%s) in CAPI text             
  91165            1   Unable to 'skip to %s' - target-group is located 
  99990            2   Operator entered a value out of range            

User numbered messages:

 Number    Freq  Pct.  Message text                                        Denom
 ------    ----  ----  ------------                                        -----
      5       1    -   W GPS is not active. Enable GPS and try again           -
      8       1    -   3-FIES = %s   ||  4-Women Nutr = %s   ||  4-Women       -
      9       1    -   7.1-Maize = %s   ||  7.2-Beans = %s   ||  7.3-Cof       -
     71       3    -   W Age (%02d) of %s is under %02d years                  -
    155       3    -   E Household respondent is younger than required a       -

User unnumbered messages:

   Line    Freq  Pct.  Message text                                        Denom
   ----    ----  ----  ------------                                        -----
   2054       3    -   H_mod1 = %d                                             -

CSPRO Executor Normal End
--------------------------------------------------------------------------------
Application     C:\Users\kevin.otieno\Downloads\02.16 CSPro data entry program for Android\02.16 CSPro data entry program for Android\PEEL\PEEL.ent
Type            ENTRY
Input Data      <<Text File>> C:\Users\kevin.otieno\Downloads\02.16 CSPro data entry program for Android\02.16 CSPro data entry program for Android\DATA\RAWD\A001030011.dat
External        OTHERS=<<Text File>> C:\Users\kevin.otieno\Downloads\02.16 CSPro data entry program for Android\02.16 CSPro data entry program for Android\DATA\RAWD\O001030011.dat
External        HH_GPS=<<Text File>> C:\Users\kevin.otieno\Downloads\02.16 CSPro data entry program for Android\02.16 CSPro data entry program for Android\DATA\RAWD\G001030011.dat
External        CLUSTERS=<<Text File>> C:\Users\kevin.otieno\Downloads\02.16 CSPro data entry program for Android\02.16 CSPro data entry program for Android\LOOKUP\clusters.dat
External        CTRL_HH=<<Text File>> C:\Users\kevin.otieno\Downloads\02.16 CSPro data entry program for Android\02.16 CSPro data entry program for Android\DATA\CONTROL\CT001030.dat

Date            Jan 22, 2019
Start Time      12:17:26
End Time        12:18:00

CSPRO Process Summary

System messages:

 Number    Frequency   Message text
 ------    ---------   ------------
  48000            8   Invalid expression (%s) in CAPI text             
  99990            1   Operator entered a value out of range            

User numbered messages:

 Number    Freq  Pct.  Message text                                        Denom
 ------    ----  ----  ------------                                        -----
      5       1    -   W GPS is not active. Enable GPS and try again           -

User unnumbered messages:

   Line    Freq  Pct.  Message text                                        Denom
   ----    ----  ----  ------------                                        -----
   2054       1    -   H_mod1 = %d                                             -

CSPRO Executor Normal End
--------------------------------------------------------------------------------
