Application     C:\Users\colli\Desktop\USAID\02.16 CSPro data entry program for Android-20190112T060848Z-001\02.16 CSPro data entry program for Android\PEEL\PEEL.ent
Type            ENTRY
Input Data      <<Text File>> C:\Users\colli\Desktop\USAID\02.16 CSPro data entry program for Android-20190112T060848Z-001\02.16 CSPro data entry program for Android\DATA\RAWD\A001007011.dat
External        OTHERS=<<Text File>> C:\Users\colli\Desktop\USAID\02.16 CSPro data entry program for Android-20190112T060848Z-001\02.16 CSPro data entry program for Android\DATA\RAWD\O001007011.dat
External        HH_GPS=<<Text File>> C:\Users\colli\Desktop\USAID\02.16 CSPro data entry program for Android-20190112T060848Z-001\02.16 CSPro data entry program for Android\DATA\RAWD\G001007011.dat
External        CLUSTERS=<<Text File>> C:\Users\colli\Desktop\USAID\02.16 CSPro data entry program for Android-20190112T060848Z-001\02.16 CSPro data entry program for Android\LOOKUP\clusters.dat
External        CTRL_HH=<<Text File>> C:\Users\colli\Desktop\USAID\02.16 CSPro data entry program for Android-20190112T060848Z-001\02.16 CSPro data entry program for Android\DATA\CONTROL\CT001007.dat

Date            Jan 14, 2019
Start Time      15:06:30
End Time        15:07:58

CSPRO Process Summary

System messages:

 Number    Frequency   Message text
 ------    ---------   ------------
  48000            8   Invalid expression (%s) in CAPI text             

User numbered messages:

 Number    Freq  Pct.  Message text                                        Denom
 ------    ----  ----  ------------                                        -----
      5       1    -   W GPS is not active. Enable GPS and try again           -

CSPRO Executor Normal End
--------------------------------------------------------------------------------
Application     C:\Users\colli\Desktop\USAID\02.16 CSPro data entry program for Android-20190112T060848Z-001\02.16 CSPro data entry program for Android\PEEL\PEEL.ent
Type            ENTRY
Input Data      <<Text File>> C:\Users\colli\Desktop\USAID\02.16 CSPro data entry program for Android-20190112T060848Z-001\02.16 CSPro data entry program for Android\DATA\RAWD\A001007011.dat
External        OTHERS=<<Text File>> C:\Users\colli\Desktop\USAID\02.16 CSPro data entry program for Android-20190112T060848Z-001\02.16 CSPro data entry program for Android\DATA\RAWD\O001007011.dat
External        HH_GPS=<<Text File>> C:\Users\colli\Desktop\USAID\02.16 CSPro data entry program for Android-20190112T060848Z-001\02.16 CSPro data entry program for Android\DATA\RAWD\G001007011.dat
External        CLUSTERS=<<Text File>> C:\Users\colli\Desktop\USAID\02.16 CSPro data entry program for Android-20190112T060848Z-001\02.16 CSPro data entry program for Android\LOOKUP\clusters.dat
External        CTRL_HH=<<Text File>> C:\Users\colli\Desktop\USAID\02.16 CSPro data entry program for Android-20190112T060848Z-001\02.16 CSPro data entry program for Android\DATA\CONTROL\CT001007.dat

Date            Jan 14, 2019
Start Time      15:09:53
End Time        15:19:07

CSPRO Process Summary

System messages:

 Number    Frequency   Message text
 ------    ---------   ------------
  48000            8   Invalid expression (%s) in CAPI text             

User numbered messages:

 Number    Freq  Pct.  Message text                                        Denom
 ------    ----  ----  ------------                                        -----
      5       1    -   W GPS is not active. Enable GPS and try again           -
     71       2    -   W Age (%02d) of %s is under %02d years                  -
    155       2    -   E Household respondent is younger than required a       -

CSPRO Executor Normal End
--------------------------------------------------------------------------------
Application     C:\Users\colli\Desktop\USAID\02.16 CSPro data entry program for Android-20190112T060848Z-001\02.16 CSPro data entry program for Android\PEEL\PEEL.ent
Type            ENTRY
Input Data      <<Text File>> C:\Users\colli\Desktop\USAID\02.16 CSPro data entry program for Android-20190112T060848Z-001\02.16 CSPro data entry program for Android\DATA\RAWD\A001007011.dat
External        OTHERS=<<Text File>> C:\Users\colli\Desktop\USAID\02.16 CSPro data entry program for Android-20190112T060848Z-001\02.16 CSPro data entry program for Android\DATA\RAWD\O001007011.dat
External        HH_GPS=<<Text File>> C:\Users\colli\Desktop\USAID\02.16 CSPro data entry program for Android-20190112T060848Z-001\02.16 CSPro data entry program for Android\DATA\RAWD\G001007011.dat
External        CLUSTERS=<<Text File>> C:\Users\colli\Desktop\USAID\02.16 CSPro data entry program for Android-20190112T060848Z-001\02.16 CSPro data entry program for Android\LOOKUP\clusters.dat
External        CTRL_HH=<<Text File>> C:\Users\colli\Desktop\USAID\02.16 CSPro data entry program for Android-20190112T060848Z-001\02.16 CSPro data entry program for Android\DATA\CONTROL\CT001007.dat

Date            Jan 15, 2019
Start Time      10:29:09
End Time        10:29:49

CSPRO Process Summary

System messages:

 Number    Frequency   Message text
 ------    ---------   ------------
  48000            8   Invalid expression (%s) in CAPI text             

User numbered messages:

 Number    Freq  Pct.  Message text                                        Denom
 ------    ----  ----  ------------                                        -----
      5       1    -   W GPS is not active. Enable GPS and try again           -
  89991       1    -   E The first character of a name must be a letter        -

CSPRO Executor Normal End
--------------------------------------------------------------------------------
Application     C:\Users\colli\Desktop\USAID\02.16 CSPro data entry program for Android-20190112T060848Z-001\02.16 CSPro data entry program for Android\PEEL\PEEL.ent
Type            ENTRY
Input Data      <<Text File>> C:\Users\colli\Desktop\USAID\02.16 CSPro data entry program for Android-20190112T060848Z-001\02.16 CSPro data entry program for Android\DATA\RAWD\A001007011.dat
External        OTHERS=<<Text File>> C:\Users\colli\Desktop\USAID\02.16 CSPro data entry program for Android-20190112T060848Z-001\02.16 CSPro data entry program for Android\DATA\RAWD\O001007011.dat
External        HH_GPS=<<Text File>> C:\Users\colli\Desktop\USAID\02.16 CSPro data entry program for Android-20190112T060848Z-001\02.16 CSPro data entry program for Android\DATA\RAWD\G001007011.dat
External        CLUSTERS=<<Text File>> C:\Users\colli\Desktop\USAID\02.16 CSPro data entry program for Android-20190112T060848Z-001\02.16 CSPro data entry program for Android\LOOKUP\clusters.dat
External        CTRL_HH=<<Text File>> C:\Users\colli\Desktop\USAID\02.16 CSPro data entry program for Android-20190112T060848Z-001\02.16 CSPro data entry program for Android\DATA\CONTROL\CT001007.dat

Date            Jan 16, 2019
Start Time      10:35:08
End Time        10:38:02

CSPRO Process Summary

System messages:

 Number    Frequency   Message text
 ------    ---------   ------------
  48000            8   Invalid expression (%s) in CAPI text             

User numbered messages:

 Number    Freq  Pct.  Message text                                        Denom
 ------    ----  ----  ------------                                        -----
      5       1    -   W GPS is not active. Enable GPS and try again           -
     60       1    -   W Sex of spouse (%1d) must be different from sex        -

CSPRO Executor Normal End
--------------------------------------------------------------------------------
Application     C:\Users\colli\Desktop\USAID\02.16 CSPro data entry program for Android-20190112T060848Z-001\02.16 CSPro data entry program for Android\PEEL\PEEL.ent
Type            ENTRY
Input Data      <<Text File>> C:\Users\colli\Desktop\USAID\02.16 CSPro data entry program for Android-20190112T060848Z-001\02.16 CSPro data entry program for Android\DATA\RAWD\A001007011.dat
External        OTHERS=<<Text File>> C:\Users\colli\Desktop\USAID\02.16 CSPro data entry program for Android-20190112T060848Z-001\02.16 CSPro data entry program for Android\DATA\RAWD\O001007011.dat
External        HH_GPS=<<Text File>> C:\Users\colli\Desktop\USAID\02.16 CSPro data entry program for Android-20190112T060848Z-001\02.16 CSPro data entry program for Android\DATA\RAWD\G001007011.dat
External        CLUSTERS=<<Text File>> C:\Users\colli\Desktop\USAID\02.16 CSPro data entry program for Android-20190112T060848Z-001\02.16 CSPro data entry program for Android\LOOKUP\clusters.dat
External        CTRL_HH=<<Text File>> C:\Users\colli\Desktop\USAID\02.16 CSPro data entry program for Android-20190112T060848Z-001\02.16 CSPro data entry program for Android\DATA\CONTROL\CT001007.dat

Date            Jan 16, 2019
Start Time      10:51:36
End Time        11:08:10

CSPRO Process Summary

System messages:

 Number    Frequency   Message text
 ------    ---------   ------------
  48000            8   Invalid expression (%s) in CAPI text             
  91165            2   Unable to 'skip to %s' - target-group is located 
  99990            5   Operator entered a value out of range            

User numbered messages:

 Number    Freq  Pct.  Message text                                        Denom
 ------    ----  ----  ------------                                        -----
      5       1    -   W GPS is not active. Enable GPS and try again           -
      8       2    -   3-FIES = %s   ||  4-Women Nutr = %s   ||  4-Women       -
      9       2    -   7.1-Maize = %s   ||  7.2-Beans = %s   ||  7.3-Cof       -

User unnumbered messages:

   Line    Freq  Pct.  Message text                                        Denom
   ----    ----  ----  ------------                                        -----
   2054       4    -   H_mod1 = %d                                             -

CSPRO Executor Normal End
--------------------------------------------------------------------------------
Application     C:\Users\colli\Desktop\USAID\02.16 CSPro data entry program for Android-20190112T060848Z-001\02.16 CSPro data entry program for Android\PEEL\PEEL.ent
Type            ENTRY
Input Data      <<Text File>> C:\Users\colli\Desktop\USAID\02.16 CSPro data entry program for Android-20190112T060848Z-001\02.16 CSPro data entry program for Android\DATA\RAWD\A001007011.dat
External        OTHERS=<<Text File>> C:\Users\colli\Desktop\USAID\02.16 CSPro data entry program for Android-20190112T060848Z-001\02.16 CSPro data entry program for Android\DATA\RAWD\O001007011.dat
External        HH_GPS=<<Text File>> C:\Users\colli\Desktop\USAID\02.16 CSPro data entry program for Android-20190112T060848Z-001\02.16 CSPro data entry program for Android\DATA\RAWD\G001007011.dat
External        CLUSTERS=<<Text File>> C:\Users\colli\Desktop\USAID\02.16 CSPro data entry program for Android-20190112T060848Z-001\02.16 CSPro data entry program for Android\LOOKUP\clusters.dat
External        CTRL_HH=<<Text File>> C:\Users\colli\Desktop\USAID\02.16 CSPro data entry program for Android-20190112T060848Z-001\02.16 CSPro data entry program for Android\DATA\CONTROL\CT001007.dat

Date            Jan 16, 2019
Start Time      11:16:54
End Time        11:17:43

CSPRO Process Summary

System messages:

 Number    Frequency   Message text
 ------    ---------   ------------
  48000            8   Invalid expression (%s) in CAPI text             

User numbered messages:

 Number    Freq  Pct.  Message text                                        Denom
 ------    ----  ----  ------------                                        -----
      5       2    -   W GPS is not active. Enable GPS and try again           -
      8       1    -   3-FIES = %s   ||  4-Women Nutr = %s   ||  4-Women       -
      9       1    -   7.1-Maize = %s   ||  7.2-Beans = %s   ||  7.3-Cof       -

User unnumbered messages:

   Line    Freq  Pct.  Message text                                        Denom
   ----    ----  ----  ------------                                        -----
   2054       1    -   H_mod1 = %d                                             -

CSPRO Executor Normal End
--------------------------------------------------------------------------------
Application     C:\Roll Back\02.16 CSPro data entry program for Android\02.16 CSPro data entry program for Android\PEEL\PEEL.ent
Type            ENTRY
Input Data      <<Text File>> C:\Roll Back\02.16 CSPro data entry program for Android\02.16 CSPro data entry program for Android\DATA\RAWD\A001007011.dat
External        OTHERS=<<Text File>> C:\Roll Back\02.16 CSPro data entry program for Android\02.16 CSPro data entry program for Android\DATA\RAWD\O001007011.dat
External        HH_GPS=<<Text File>> C:\Roll Back\02.16 CSPro data entry program for Android\02.16 CSPro data entry program for Android\DATA\RAWD\G001007011.dat
External        CLUSTERS=<<Text File>> C:\Roll Back\02.16 CSPro data entry program for Android\02.16 CSPro data entry program for Android\LOOKUP\clusters.dat
External        CTRL_HH=<<Text File>> C:\Roll Back\02.16 CSPro data entry program for Android\02.16 CSPro data entry program for Android\DATA\CONTROL\CT001007.dat

Date            Jan 24, 2019
Start Time      19:30:14
End Time        19:31:18

CSPRO Process Summary

System messages:

 Number    Frequency   Message text
 ------    ---------   ------------
  34088            2   Invalid subscript: %n(%d) -- %p                  
  48000            8   Invalid expression (%s) in CAPI text             

User numbered messages:

 Number    Freq  Pct.  Message text                                        Denom
 ------    ----  ----  ------------                                        -----
      5       1    -   W GPS is not active. Enable GPS and try again           -

CSPRO Executor Normal End
--------------------------------------------------------------------------------
Application     C:\Roll Back\02.16 CSPro data entry program for Android\02.16 CSPro data entry program for Android\PEEL\PEEL.ent
Type            ENTRY
Input Data      <<Text File>> C:\Roll Back\02.16 CSPro data entry program for Android\02.16 CSPro data entry program for Android\DATA\RAWD\A001007011.dat
External        OTHERS=<<Text File>> C:\Roll Back\02.16 CSPro data entry program for Android\02.16 CSPro data entry program for Android\DATA\RAWD\O001007011.dat
External        HH_GPS=<<Text File>> C:\Roll Back\02.16 CSPro data entry program for Android\02.16 CSPro data entry program for Android\DATA\RAWD\G001007011.dat
External        CLUSTERS=<<Text File>> C:\Roll Back\02.16 CSPro data entry program for Android\02.16 CSPro data entry program for Android\LOOKUP\clusters.dat
External        CTRL_HH=<<Text File>> C:\Roll Back\02.16 CSPro data entry program for Android\02.16 CSPro data entry program for Android\DATA\CONTROL\CT001007.dat

Date            Jan 24, 2019
Start Time      19:33:35
End Time        19:34:58

CSPRO Process Summary

System messages:

 Number    Frequency   Message text
 ------    ---------   ------------
  34088            2   Invalid subscript: %n(%d) -- %p                  
  48000            8   Invalid expression (%s) in CAPI text             

User numbered messages:

 Number    Freq  Pct.  Message text                                        Denom
 ------    ----  ----  ------------                                        -----
      5       1    -   W GPS is not active. Enable GPS and try again           -

CSPRO Executor Normal End
--------------------------------------------------------------------------------
Application     C:\Roll Back\02.16 CSPro data entry program for Android\02.16 CSPro data entry program for Android\PEEL\PEEL.ent
Type            ENTRY
Input Data      <<Text File>> C:\Roll Back\02.16 CSPro data entry program for Android\02.16 CSPro data entry program for Android\DATA\RAWD\A001007011.dat
External        OTHERS=<<Text File>> C:\Roll Back\02.16 CSPro data entry program for Android\02.16 CSPro data entry program for Android\DATA\RAWD\O001007011.dat
External        HH_GPS=<<Text File>> C:\Roll Back\02.16 CSPro data entry program for Android\02.16 CSPro data entry program for Android\DATA\RAWD\G001007011.dat
External        CLUSTERS=<<Text File>> C:\Roll Back\02.16 CSPro data entry program for Android\02.16 CSPro data entry program for Android\LOOKUP\clusters.dat
External        CTRL_HH=<<Text File>> C:\Roll Back\02.16 CSPro data entry program for Android\02.16 CSPro data entry program for Android\DATA\CONTROL\CT001007.dat

Date            Jan 24, 2019
Start Time      19:35:12
End Time        19:35:43

CSPRO Process Summary

System messages:

 Number    Frequency   Message text
 ------    ---------   ------------
   1088            1   Invalid subscript: %n(%f) -- %p                  
  48000            8   Invalid expression (%s) in CAPI text             

User numbered messages:

 Number    Freq  Pct.  Message text                                        Denom
 ------    ----  ----  ------------                                        -----
      5       1    -   W GPS is not active. Enable GPS and try again           -

CSPRO Executor Normal End
--------------------------------------------------------------------------------
